<?xml version="1.0" encoding="UTF-8"?>
<testsuite name="team4.AppTest" tests="1" skipped="0" failures="0" errors="0" timestamp="2021-05-04T21:52:35" hostname="Nicks-MacBook-Pro.local" time="0.001">
  <properties/>
  <testcase name="testAppHasAGreeting" classname="team4.AppTest" time="0.001"/>
  <system-out><![CDATA[]]></system-out>
  <system-err><![CDATA[]]></system-err>
</testsuite>
