<?xml version="1.0" encoding="UTF-8"?>
<testsuite name="model.BoardTest" tests="6" skipped="0" failures="0" errors="0" timestamp="2021-05-04T21:52:35" hostname="Nicks-MacBook-Pro.local" time="0.46">
  <properties/>
  <testcase name="addTileWhenEmptyTest" classname="model.BoardTest" time="0.454"/>
  <testcase name="isEmptyTest" classname="model.BoardTest" time="0.001"/>
  <testcase name="addTileDuringTest" classname="model.BoardTest" time="0.001"/>
  <testcase name="setValueTest" classname="model.BoardTest" time="0.001"/>
  <testcase name="resetTest" classname="model.BoardTest" time="0.002"/>
  <testcase name="isFilledTest" classname="model.BoardTest" time="0.001"/>
  <system-out><![CDATA[]]></system-out>
  <system-err><![CDATA[]]></system-err>
</testsuite>
