<?xml version="1.0" encoding="UTF-8"?>
<testsuite name="model.ScoreTest" tests="3" skipped="0" failures="0" errors="0" timestamp="2021-05-04T21:52:36" hostname="Nicks-MacBook-Pro.local" time="0.001">
  <properties/>
  <testcase name="testReset" classname="model.ScoreTest" time="0.001"/>
  <testcase name="testInitValue" classname="model.ScoreTest" time="0.0"/>
  <testcase name="testUpdate" classname="model.ScoreTest" time="0.0"/>
  <system-out><![CDATA[]]></system-out>
  <system-err><![CDATA[]]></system-err>
</testsuite>
